Ah 1
Aidenn 1
Allan 1
And 8
As 1
Back 1
Be 1
Bird 1
But 6
By 3
Caught 1
Clasp 1
Darkness 1
December 1
Deep 1
Desolate 1
Disaster 1
Doubting 1
Doubtless 1
Eagerly 1
Edgar 1
Ever 1
Fancy 1
Followed 1
For 2
From 1
Get 1
Ghastly 1
Gilead 1
God 2
Heaven 1
Hope 1
Hopes 1
Horror 1
I 32
In 1
Is 1
It 1
Leave 2
Lenore 8
Let 2
Madam 1
Meant 1
Merely 1
Much 1
Nameless 1
Never 1
Nevermore 8
Night 2
Nightly 1
Not 1
Nothing 1
Of 1
On 4
Once 1
Only 1
Open 1
Other 1
Over 1
Pallas 2
Perched 2
Plutonian 2
Poe 1
Presently 1
Prophet 2
Quaff 1
Quoth 5
Raven 11
Respite 1
Seraphim 1
Shall 1
She 1
Sir 1
So 1
Some 1
Soon 1
Startled 1
Straight 1
Surely 1
Swung 1
Take 1
Tell 2
Tempter 1
That 2
The 1
Then 4
This 4
Though 2
Thrilled 1
Till 2
Tis 3
To 1
What 1
Whether 1
While 1
With 1
Wretch 1
a 15
above 7
adore 1
again 1
agreeing 1
ah 1
air 1
all 4
an 2
ancient 1
and 30
angels 4
answer 1
aptly 1
art 1
as 4
ashore 1
at 8
back 2
balm 1
be 3
beak 1
beast 1
beating 1
before 5
beguiling 2
being 1
bends 1
betook 1
bird 9
black 1
bleak 1
blessed 1
books 1
bore 3
borrow 1
bosom 1
both 1
broken 1
burden 2
burned 1
burning 1
bust 6
but 1
by 5
came 3
cannot 1
censer 1
chamber 11
clasp 1
core 1
countenance 1
craven 1
crest 1
cried 1
croaking 1
curious 1
curtain 1
cushion 1
cushioned 1
dared 1
darkness 1
days 1
decorum 1
demon 1
denser 1
desert 1
devil 2
did 1
dirges 1
discourse 1
distant 1
distinctly 1
divining 1
door 14
dream 1
dreaming 2
dreams 1
dreary 1
dying 1
each 2
ease 1
ebony 1
echo 1
ember 1
enchanted 1
engaged 1
entrance 2
entreating 2
er 3
ever 1
evermore 1
evil 2
explore 2
expressing 1
eyes 2
fact 1
faintly 1
falls 1
fancy 3
fantastic 1
farther 1
fast 1
faster 1
fearing 1
feather 1
felt 1
fiend 1
fiery 1
filled 1
flirt 1
flitting 1
floating 1
floor 4
flown 2
flung 1
flutter 1
fluttered 1
followed 1
foot 1
for 2
forget 1
forgiveness 1
forgotten 1
form 1
fowl 2
friends 1
from 7
front 1
gaunt 1
gave 1
gently 2
ghastly 1
ghost 1
gloated 1
gloating 1
grave 1
grew 2
grim 2
guessing 1
had 1
hath 3
haunted 1
have 3
he 7
head 1
hear 1
heard 2
heart 3
help 1
here 4
hesitating 1
him 1
his 7
home 1
human 1
if 4
implore 3
in 6
into 6
is 10
it 4
its 3
just 2
kind 1
laden 1
lady 1
lamp 3
land 1
late 1
lattice 1
least 1
leave 1
lent 1
lie 1
lies 1
lifted 1
light 3
lining 2
linking 1
little 2
living 1
loneliness 1
lonely 1
long 1
longer 1
lord 1
lordly 1
lore 1
lost 2
louder 1
made 1
maiden 3
many 2
marvelled 1
master 1
me 9
meaning 1
melancholy 1
memories 1
methought 1
midnight 1
mien 1
minute 1
moment 1
more 8
morrow 2
mortal 1
murmured 1
muttered 2
my 24
myself 1
mystery 2
name 5
napping 2
nearly 1
nepenthe 2
never 2
nevermore 3
no 7
nodded 1
not 2
nothing 6
now 2
o 3
obeisance 1
of 21
off 1
oh 1
ominous 2
on 6
one 4
only 3
opened 1
or 8
our 1
out 2
outpour 1
pallid 1
parting 1
peering 1
perched 1
perfumed 1
placid 1
plainly 1
plume 1
pondered 1
press 1
prophet 2
purple 1
quaff 1
quaint 1
quit 1
radiant 2
rapping 3
rare 2
reclining 1
relevancy 1
remember 1
repeating 1
reply 1
respite 1
rustling 1
s 5
sad 2
said 7
sainted 1
saintly 1
sat 3
scarce 1
scarcely 1
sculptured 1
seat 1
see 1
seeing 1
seeming 1
sent 2
separate 1
shadow 2
shall 2
shaven 1
shore 3
shorn 1
shrieked 1
shutter 1
sign 1
silence 1
silken 1
sinking 1
sitting 3
smiling 2
so 4
some 4
something 1
somewhat 1
songs 1
sorrow 3
sought 1
soul 6
spoke 1
spoken 3
stately 1
stayed 1
stepped 1
stern 1
still 7
stillness 2
stock 1
stood 2
stopped 1
store 1
streaming 1
stronger 1
such 1
suddenly 1
surcease 1
sure 2
surely 1
syllable 1
take 1
tapping 5
tell 3
tempest 2
terrors 1
than 2
that 15
the 56
thee 4
then 4
there 7
thereat 1
these 1
thing 2
thinking 1
this 13
thou 1
throws 1
thy 7
till 1
tinkled 1
to 5
token 2
tossed 1
truly 2
tufted 1
turning 1
unbroken 2
uncertain 1
undaunted 1
ungainly 2
unhappy 1
unmerciful 1
unseen 1
unto 1
upon 5
upstarting 1
us 1
uttered 1
utters 1
vainly 1
velvet 3
violet 1
visitor 3
volume 1
wandering 1
was 6
we 2
weak 1
weary 1
what 4
wheeled 1
when 1
whether 1
while 1
whispered 2
whom 4
whose 3
wide 1
will 1
wind 1
window 1
wished 1
with 7
within 2
wondering 1
word 6
wore 1
wrought 1
yet 2
yore 3
you 3
your 1

the 56
I 32
and 30
my 24
of 21
that 15
a 15
door 14
this 13
Raven 11
chamber 11
is 10
me 9
bird 9
more 8
at 8
Nevermore 8
or 8
Lenore 8
And 8
from 7
still 7
there 7
thy 7
said 7
no 7
above 7
with 7
he 7
his 7
in 6
word 6
was 6
nothing 6
bust 6
soul 6
on 6
into 6
But 6
to 5
upon 5
Quoth 5
s 5
by 5
tapping 5
name 5
before 5
angels 4
Then 4
This 4
some 4
so 4
whom 4
then 4
thee 4
what 4
On 4
all 4
here 4
it 4
one 4
as 4
floor 4
if 4
you 3
yore 3
sorrow 3
rapping 3
o 3
have 3
whose 3
sitting 3
nevermore 3
er 3
lamp 3
be 3
Tis 3
hath 3
visitor 3
only 3
velvet 3
its 3
shore 3
implore 3
maiden 3
sat 3
bore 3
tell 3
By 3
came 3
fancy 3
heart 3
light 3
spoken 3
devil 2
yet 2
fowl 2
Prophet 2
within 2
now 2
not 2
That 2
whispered 2
never 2
nepenthe 2
napping 2
we 2
mystery 2
Night 2
muttered 2
for 2
back 2
morrow 2
Tell 2
ungainly 2
flown 2
unbroken 2
Plutonian 2
truly 2
Perched 2
token 2
many 2
thing 2
Pallas 2
an 2
than 2
lost 2
tempest 2
sure 2
God 2
little 2
stood 2
lining 2
stillness 2
For 2
eyes 2
explore 2
evil 2
burden 2
smiling 2
entreating 2
entrance 2
just 2
shall 2
shadow 2
sent 2
Let 2
sad 2
heard 2
each 2
rare 2
radiant 2
Till 2
prophet 2
dreaming 2
grim 2
grew 2
Leave 2
Though 2
gently 2
beguiling 2
out 2
ominous 2
Shall 1
wrought 1
wore 1
wondering 1
wished 1
window 1
wind 1
will 1
wide 1
while 1
whether 1
when 1
wheeled 1
weary 1
weak 1
wandering 1
volume 1
violet 1
vainly 1
utters 1
uttered 1
us 1
upstarting 1
unto 1
unseen 1
unmerciful 1
unhappy 1
undaunted 1
uncertain 1
turning 1
tufted 1
tossed 1
tinkled 1
till 1
throws 1
thou 1
thinking 1
these 1
thereat 1
terrors 1
take 1
syllable 1
surely 1
surcease 1
suddenly 1
such 1
stronger 1
streaming 1
store 1
stopped 1
stock 1
stern 1
stepped 1
stayed 1
stately 1
spoke 1
sought 1
songs 1
somewhat 1
something 1
sinking 1
silken 1
silence 1
sign 1
shutter 1
shrieked 1
shorn 1
shaven 1
separate 1
seeming 1
seeing 1
see 1
seat 1
sculptured 1
scarcely 1
scarce 1
saintly 1
sainted 1
rustling 1
respite 1
reply 1
repeating 1
remember 1
relevancy 1
reclining 1
quit 1
quaint 1
quaff 1
purple 1
press 1
pondered 1
plume 1
plainly 1
placid 1
perfumed 1
perched 1
peering 1
parting 1
pallid 1
outpour 1
our 1
opened 1
oh 1
off 1
obeisance 1
nodded 1
nearly 1
myself 1
murmured 1
mortal 1
moment 1
minute 1
mien 1
midnight 1
methought 1
memories 1
melancholy 1
meaning 1
master 1
marvelled 1
made 1
louder 1
lore 1
lordly 1
lord 1
longer 1
long 1
lonely 1
loneliness 1
living 1
linking 1
lifted 1
lies 1
lie 1
lent 1
leave 1
least 1
lattice 1
late 1
land 1
lady 1
laden 1
kind 1
human 1
home 1
him 1
hesitating 1
help 1
hear 1
head 1
haunted 1
had 1
guessing 1
grave 1
gloating 1
gloated 1
ghost 1
ghastly 1
gave 1
gaunt 1
front 1
friends 1
form 1
forgotten 1
forgiveness 1
forget 1
foot 1
followed 1
fluttered 1
flutter 1
flung 1
floating 1
flitting 1
flirt 1
filled 1
fiery 1
fiend 1
felt 1
feather 1
fearing 1
faster 1
fast 1
farther 1
fantastic 1
falls 1
faintly 1
fact 1
expressing 1
evermore 1
ever 1
engaged 1
enchanted 1
ember 1
echo 1
ebony 1
ease 1
dying 1
dreary 1
dreams 1
dream 1
divining 1
distinctly 1
distant 1
discourse 1
dirges 1
did 1
desert 1
denser 1
demon 1
decorum 1
days 1
darkness 1
dared 1
cushioned 1
cushion 1
curtain 1
curious 1
croaking 1
cried 1
crest 1
craven 1
countenance 1
core 1
clasp 1
censer 1
cannot 1
but 1
burning 1
burned 1
broken 1
both 1
bosom 1
borrow 1
books 1
blessed 1
bleak 1
black 1
betook 1
bends 1
being 1
beating 1
beast 1
beak 1
balm 1
ashore 1
art 1
aptly 1
answer 1
ancient 1
air 1
ah 1
agreeing 1
again 1
adore 1
Wretch 1
With 1
While 1
Whether 1
What 1
To 1
Thrilled 1
The 1
Tempter 1
Take 1
Swung 1
Surely 1
Straight 1
Startled 1
Soon 1
Some 1
So 1
Sir 1
She 1
Shall 1
Seraphim 1
Respite 1
Quaff 1
Presently 1
Poe 1
Over 1
Other 1
Open 1
Only 1
Once 1
Of 1
Nothing 1
Not 1
Nightly 1
Never 1
Nameless 1
Much 1
Merely 1
Meant 1
Madam 1
It 1
Is 1
In 1
Horror 1
Hopes 1
Hope 1
Heaven 1
Gilead 1
Ghastly 1
Get 1
From 1
Followed 1
Fancy 1
Ever 1
Edgar 1
Eagerly 1
Doubtless 1
Doubting 1
Disaster 1
Desolate 1
Deep 1
December 1
Darkness 1
Clasp 1
Caught 1
Bird 1
Be 1
Back 1
As 1
Allan 1
Aidenn 1
Ah 1
